::1 - - [10/Dec/2019:06:28:42 +0000] "GET /?page=1 HTTP/1.1" 304 - "http://localhost:3000/?page=2" "Mozilla/5.0 (Macintosh; Intel Mac OS X 10_13_6) AppleWebKit/537.36 (KHTML, like Gecko) Chrome/78.0.3904.108 Safari/537.36"
::1 - - [10/Dec/2019:06:28:42 +0000] "GET /css/main.css HTTP/1.1" 304 - "http://localhost:3000/?page=1" "Mozilla/5.0 (Macintosh; Intel Mac OS X 10_13_6) AppleWebKit/537.36 (KHTML, like Gecko) Chrome/78.0.3904.108 Safari/537.36"
::1 - - [10/Dec/2019:06:28:42 +0000] "GET /css/product.css HTTP/1.1" 304 - "http://localhost:3000/?page=1" "Mozilla/5.0 (Macintosh; Intel Mac OS X 10_13_6) AppleWebKit/537.36 (KHTML, like Gecko) Chrome/78.0.3904.108 Safari/537.36"
::1 - - [10/Dec/2019:06:28:42 +0000] "GET /js/main.js HTTP/1.1" 304 - "http://localhost:3000/?page=1" "Mozilla/5.0 (Macintosh; Intel Mac OS X 10_13_6) AppleWebKit/537.36 (KHTML, like Gecko) Chrome/78.0.3904.108 Safari/537.36"
::1 - - [10/Dec/2019:06:28:42 +0000] "GET /http://prodimage.images-bn.com/pimages/0889698364683_p0_v1_s1200x630.jpg HTTP/1.1" 404 - "http://localhost:3000/?page=1" "Mozilla/5.0 (Macintosh; Intel Mac OS X 10_13_6) AppleWebKit/537.36 (KHTML, like Gecko) Chrome/78.0.3904.108 Safari/537.36"
::1 - - [10/Dec/2019:06:28:42 +0000] "GET /insty.com HTTP/1.1" 404 - "http://localhost:3000/?page=1" "Mozilla/5.0 (Macintosh; Intel Mac OS X 10_13_6) AppleWebKit/537.36 (KHTML, like Gecko) Chrome/78.0.3904.108 Safari/537.36"
::1 - - [10/Dec/2019:06:54:16 +0000] "GET /?page=1 HTTP/1.1" 200 - "-" "Mozilla/5.0 (Macintosh; Intel Mac OS X 10_13_6) AppleWebKit/537.36 (KHTML, like Gecko) Chrome/78.0.3904.108 Safari/537.36"
::1 - - [10/Dec/2019:06:54:16 +0000] "GET /css/main.css HTTP/1.1" 200 - "https://localhost:3000/?page=1" "Mozilla/5.0 (Macintosh; Intel Mac OS X 10_13_6) AppleWebKit/537.36 (KHTML, like Gecko) Chrome/78.0.3904.108 Safari/537.36"
::1 - - [10/Dec/2019:06:54:16 +0000] "GET /css/product.css HTTP/1.1" 200 379 "https://localhost:3000/?page=1" "Mozilla/5.0 (Macintosh; Intel Mac OS X 10_13_6) AppleWebKit/537.36 (KHTML, like Gecko) Chrome/78.0.3904.108 Safari/537.36"
::1 - - [10/Dec/2019:06:54:16 +0000] "GET /js/main.js HTTP/1.1" 200 519 "https://localhost:3000/?page=1" "Mozilla/5.0 (Macintosh; Intel Mac OS X 10_13_6) AppleWebKit/537.36 (KHTML, like Gecko) Chrome/78.0.3904.108 Safari/537.36"
::1 - - [10/Dec/2019:06:54:16 +0000] "GET /http://prodimage.images-bn.com/pimages/0889698364683_p0_v1_s1200x630.jpg HTTP/1.1" 404 - "https://localhost:3000/?page=1" "Mozilla/5.0 (Macintosh; Intel Mac OS X 10_13_6) AppleWebKit/537.36 (KHTML, like Gecko) Chrome/78.0.3904.108 Safari/537.36"
::1 - - [10/Dec/2019:06:54:17 +0000] "GET /insty.com HTTP/1.1" 404 - "https://localhost:3000/?page=1" "Mozilla/5.0 (Macintosh; Intel Mac OS X 10_13_6) AppleWebKit/537.36 (KHTML, like Gecko) Chrome/78.0.3904.108 Safari/537.36"
::1 - - [10/Dec/2019:06:54:54 +0000] "GET / HTTP/1.1" 304 - "-" "Mozilla/5.0 (Macintosh; Intel Mac OS X 10_13_6) AppleWebKit/537.36 (KHTML, like Gecko) Chrome/78.0.3904.108 Safari/537.36"
::1 - - [10/Dec/2019:06:54:54 +0000] "GET /css/main.css HTTP/1.1" 304 - "http://localhost:3000/" "Mozilla/5.0 (Macintosh; Intel Mac OS X 10_13_6) AppleWebKit/537.36 (KHTML, like Gecko) Chrome/78.0.3904.108 Safari/537.36"
::1 - - [10/Dec/2019:06:54:54 +0000] "GET /css/product.css HTTP/1.1" 304 - "http://localhost:3000/" "Mozilla/5.0 (Macintosh; Intel Mac OS X 10_13_6) AppleWebKit/537.36 (KHTML, like Gecko) Chrome/78.0.3904.108 Safari/537.36"
::1 - - [10/Dec/2019:06:54:54 +0000] "GET /js/main.js HTTP/1.1" 304 - "http://localhost:3000/" "Mozilla/5.0 (Macintosh; Intel Mac OS X 10_13_6) AppleWebKit/537.36 (KHTML, like Gecko) Chrome/78.0.3904.108 Safari/537.36"
::1 - - [10/Dec/2019:06:54:54 +0000] "GET /http://prodimage.images-bn.com/pimages/0889698364683_p0_v1_s1200x630.jpg HTTP/1.1" 404 - "http://localhost:3000/" "Mozilla/5.0 (Macintosh; Intel Mac OS X 10_13_6) AppleWebKit/537.36 (KHTML, like Gecko) Chrome/78.0.3904.108 Safari/537.36"
::1 - - [10/Dec/2019:06:54:54 +0000] "GET /insty.com HTTP/1.1" 404 - "http://localhost:3000/" "Mozilla/5.0 (Macintosh; Intel Mac OS X 10_13_6) AppleWebKit/537.36 (KHTML, like Gecko) Chrome/78.0.3904.108 Safari/537.36"
::1 - - [22/Dec/2019:01:31:58 +0000] "GET / HTTP/1.1" 200 - "-" "Mozilla/5.0 (Macintosh; Intel Mac OS X 10_13_6) AppleWebKit/537.36 (KHTML, like Gecko) Chrome/78.0.3904.108 Safari/537.36"
::1 - - [22/Dec/2019:01:31:58 +0000] "GET /css/product.css HTTP/1.1" 200 379 "http://localhost:3000/" "Mozilla/5.0 (Macintosh; Intel Mac OS X 10_13_6) AppleWebKit/537.36 (KHTML, like Gecko) Chrome/78.0.3904.108 Safari/537.36"
::1 - - [22/Dec/2019:01:31:58 +0000] "GET /css/main.css HTTP/1.1" 200 - "http://localhost:3000/" "Mozilla/5.0 (Macintosh; Intel Mac OS X 10_13_6) AppleWebKit/537.36 (KHTML, like Gecko) Chrome/78.0.3904.108 Safari/537.36"
::1 - - [22/Dec/2019:01:31:58 +0000] "GET /js/main.js HTTP/1.1" 200 519 "http://localhost:3000/" "Mozilla/5.0 (Macintosh; Intel Mac OS X 10_13_6) AppleWebKit/537.36 (KHTML, like Gecko) Chrome/78.0.3904.108 Safari/537.36"
::1 - - [22/Dec/2019:01:31:58 +0000] "GET /http://prodimage.images-bn.com/pimages/0889698364683_p0_v1_s1200x630.jpg HTTP/1.1" 404 - "http://localhost:3000/" "Mozilla/5.0 (Macintosh; Intel Mac OS X 10_13_6) AppleWebKit/537.36 (KHTML, like Gecko) Chrome/78.0.3904.108 Safari/537.36"
::1 - - [22/Dec/2019:01:31:59 +0000] "GET /insty.com HTTP/1.1" 404 - "http://localhost:3000/" "Mozilla/5.0 (Macintosh; Intel Mac OS X 10_13_6) AppleWebKit/537.36 (KHTML, like Gecko) Chrome/78.0.3904.108 Safari/537.36"
::1 - - [22/Dec/2019:01:32:05 +0000] "GET /?page=2 HTTP/1.1" 200 - "http://localhost:3000/" "Mozilla/5.0 (Macintosh; Intel Mac OS X 10_13_6) AppleWebKit/537.36 (KHTML, like Gecko) Chrome/78.0.3904.108 Safari/537.36"
::1 - - [22/Dec/2019:01:32:05 +0000] "GET /favicon.ico HTTP/1.1" - - "http://localhost:3000/" "Mozilla/5.0 (Macintosh; Intel Mac OS X 10_13_6) AppleWebKit/537.36 (KHTML, like Gecko) Chrome/78.0.3904.108 Safari/537.36"
::1 - - [22/Dec/2019:01:32:05 +0000] "GET /css/main.css HTTP/1.1" 304 - "http://localhost:3000/?page=2" "Mozilla/5.0 (Macintosh; Intel Mac OS X 10_13_6) AppleWebKit/537.36 (KHTML, like Gecko) Chrome/78.0.3904.108 Safari/537.36"
::1 - - [22/Dec/2019:01:32:05 +0000] "GET /css/product.css HTTP/1.1" 304 - "http://localhost:3000/?page=2" "Mozilla/5.0 (Macintosh; Intel Mac OS X 10_13_6) AppleWebKit/537.36 (KHTML, like Gecko) Chrome/78.0.3904.108 Safari/537.36"
::1 - - [22/Dec/2019:01:32:05 +0000] "GET /js/main.js HTTP/1.1" 304 - "http://localhost:3000/?page=2" "Mozilla/5.0 (Macintosh; Intel Mac OS X 10_13_6) AppleWebKit/537.36 (KHTML, like Gecko) Chrome/78.0.3904.108 Safari/537.36"
::1 - - [22/Dec/2019:01:32:05 +0000] "GET /babyjay HTTP/1.1" 404 - "http://localhost:3000/?page=2" "Mozilla/5.0 (Macintosh; Intel Mac OS X 10_13_6) AppleWebKit/537.36 (KHTML, like Gecko) Chrome/78.0.3904.108 Safari/537.36"
::1 - - [22/Dec/2019:01:32:05 +0000] "GET /https://ichef.bbci.co.uk/images/ic/976xn/p07vtnb1.jpg HTTP/1.1" 404 - "http://localhost:3000/?page=2" "Mozilla/5.0 (Macintosh; Intel Mac OS X 10_13_6) AppleWebKit/537.36 (KHTML, like Gecko) Chrome/78.0.3904.108 Safari/537.36"
::1 - - [22/Dec/2019:01:32:06 +0000] "GET /?page=3 HTTP/1.1" 200 - "http://localhost:3000/?page=2" "Mozilla/5.0 (Macintosh; Intel Mac OS X 10_13_6) AppleWebKit/537.36 (KHTML, like Gecko) Chrome/78.0.3904.108 Safari/537.36"
::1 - - [22/Dec/2019:01:32:06 +0000] "GET /favicon.ico HTTP/1.1" - - "http://localhost:3000/?page=2" "Mozilla/5.0 (Macintosh; Intel Mac OS X 10_13_6) AppleWebKit/537.36 (KHTML, like Gecko) Chrome/78.0.3904.108 Safari/537.36"
::1 - - [22/Dec/2019:01:32:06 +0000] "GET /css/main.css HTTP/1.1" 304 - "http://localhost:3000/?page=3" "Mozilla/5.0 (Macintosh; Intel Mac OS X 10_13_6) AppleWebKit/537.36 (KHTML, like Gecko) Chrome/78.0.3904.108 Safari/537.36"
::1 - - [22/Dec/2019:01:32:06 +0000] "GET /css/product.css HTTP/1.1" 304 - "http://localhost:3000/?page=3" "Mozilla/5.0 (Macintosh; Intel Mac OS X 10_13_6) AppleWebKit/537.36 (KHTML, like Gecko) Chrome/78.0.3904.108 Safari/537.36"
::1 - - [22/Dec/2019:01:32:06 +0000] "GET /js/main.js HTTP/1.1" 304 - "http://localhost:3000/?page=3" "Mozilla/5.0 (Macintosh; Intel Mac OS X 10_13_6) AppleWebKit/537.36 (KHTML, like Gecko) Chrome/78.0.3904.108 Safari/537.36"
::1 - - [22/Dec/2019:01:32:06 +0000] "GET /https://imgs.capitalxtra.com/images/74318?crop=16_9&width=660&relax=1&signature=fPa-umiEgVtyyXBXhcNMd8SDMYo= HTTP/1.1" 404 - "http://localhost:3000/?page=3" "Mozilla/5.0 (Macintosh; Intel Mac OS X 10_13_6) AppleWebKit/537.36 (KHTML, like Gecko) Chrome/78.0.3904.108 Safari/537.36"
::1 - - [22/Dec/2019:01:32:06 +0000] "GET /cookie.co HTTP/1.1" 404 - "http://localhost:3000/?page=3" "Mozilla/5.0 (Macintosh; Intel Mac OS X 10_13_6) AppleWebKit/537.36 (KHTML, like Gecko) Chrome/78.0.3904.108 Safari/537.36"
::1 - - [22/Dec/2019:01:32:07 +0000] "GET /?page=4 HTTP/1.1" 200 - "http://localhost:3000/?page=3" "Mozilla/5.0 (Macintosh; Intel Mac OS X 10_13_6) AppleWebKit/537.36 (KHTML, like Gecko) Chrome/78.0.3904.108 Safari/537.36"
::1 - - [22/Dec/2019:01:32:07 +0000] "GET /favicon.ico HTTP/1.1" - - "http://localhost:3000/?page=3" "Mozilla/5.0 (Macintosh; Intel Mac OS X 10_13_6) AppleWebKit/537.36 (KHTML, like Gecko) Chrome/78.0.3904.108 Safari/537.36"
::1 - - [22/Dec/2019:01:32:07 +0000] "GET /css/main.css HTTP/1.1" 304 - "http://localhost:3000/?page=4" "Mozilla/5.0 (Macintosh; Intel Mac OS X 10_13_6) AppleWebKit/537.36 (KHTML, like Gecko) Chrome/78.0.3904.108 Safari/537.36"
::1 - - [22/Dec/2019:01:32:07 +0000] "GET /css/product.css HTTP/1.1" 304 - "http://localhost:3000/?page=4" "Mozilla/5.0 (Macintosh; Intel Mac OS X 10_13_6) AppleWebKit/537.36 (KHTML, like Gecko) Chrome/78.0.3904.108 Safari/537.36"
::1 - - [22/Dec/2019:01:32:07 +0000] "GET /js/main.js HTTP/1.1" 304 - "http://localhost:3000/?page=4" "Mozilla/5.0 (Macintosh; Intel Mac OS X 10_13_6) AppleWebKit/537.36 (KHTML, like Gecko) Chrome/78.0.3904.108 Safari/537.36"
::1 - - [22/Dec/2019:01:32:07 +0000] "GET /images/2019-12-02T08:01:51.661Z-kesem-banner.jpg HTTP/1.1" 200 28783 "http://localhost:3000/?page=4" "Mozilla/5.0 (Macintosh; Intel Mac OS X 10_13_6) AppleWebKit/537.36 (KHTML, like Gecko) Chrome/78.0.3904.108 Safari/537.36"
::1 - - [22/Dec/2019:01:32:07 +0000] "GET /test.com HTTP/1.1" 404 - "http://localhost:3000/?page=4" "Mozilla/5.0 (Macintosh; Intel Mac OS X 10_13_6) AppleWebKit/537.36 (KHTML, like Gecko) Chrome/78.0.3904.108 Safari/537.36"
::1 - - [22/Dec/2019:01:32:10 +0000] "GET /?page=5 HTTP/1.1" 200 - "http://localhost:3000/?page=4" "Mozilla/5.0 (Macintosh; Intel Mac OS X 10_13_6) AppleWebKit/537.36 (KHTML, like Gecko) Chrome/78.0.3904.108 Safari/537.36"
::1 - - [22/Dec/2019:01:32:10 +0000] "GET /favicon.ico HTTP/1.1" - - "http://localhost:3000/?page=4" "Mozilla/5.0 (Macintosh; Intel Mac OS X 10_13_6) AppleWebKit/537.36 (KHTML, like Gecko) Chrome/78.0.3904.108 Safari/537.36"
::1 - - [22/Dec/2019:01:32:10 +0000] "GET /css/main.css HTTP/1.1" 304 - "http://localhost:3000/?page=5" "Mozilla/5.0 (Macintosh; Intel Mac OS X 10_13_6) AppleWebKit/537.36 (KHTML, like Gecko) Chrome/78.0.3904.108 Safari/537.36"
::1 - - [22/Dec/2019:01:32:10 +0000] "GET /css/product.css HTTP/1.1" 304 - "http://localhost:3000/?page=5" "Mozilla/5.0 (Macintosh; Intel Mac OS X 10_13_6) AppleWebKit/537.36 (KHTML, like Gecko) Chrome/78.0.3904.108 Safari/537.36"
::1 - - [22/Dec/2019:01:32:10 +0000] "GET /js/main.js HTTP/1.1" 304 - "http://localhost:3000/?page=5" "Mozilla/5.0 (Macintosh; Intel Mac OS X 10_13_6) AppleWebKit/537.36 (KHTML, like Gecko) Chrome/78.0.3904.108 Safari/537.36"
::1 - - [22/Dec/2019:01:32:10 +0000] "GET /images/2019-12-02T08:33:45.182Z-20170929-The18-Image-Neymar-And-Cavani-Hug-PSG-vs-Bordeaux-2.jpg HTTP/1.1" 200 62772 "http://localhost:3000/?page=5" "Mozilla/5.0 (Macintosh; Intel Mac OS X 10_13_6) AppleWebKit/537.36 (KHTML, like Gecko) Chrome/78.0.3904.108 Safari/537.36"
::1 - - [22/Dec/2019:01:32:10 +0000] "GET /images/2019-12-03T00:33:50.318Z-bowldeacai.jpg HTTP/1.1" 200 102049 "http://localhost:3000/?page=5" "Mozilla/5.0 (Macintosh; Intel Mac OS X 10_13_6) AppleWebKit/537.36 (KHTML, like Gecko) Chrome/78.0.3904.108 Safari/537.36"
::1 - - [22/Dec/2019:01:32:13 +0000] "GET /?page=6 HTTP/1.1" 200 - "http://localhost:3000/?page=5" "Mozilla/5.0 (Macintosh; Intel Mac OS X 10_13_6) AppleWebKit/537.36 (KHTML, like Gecko) Chrome/78.0.3904.108 Safari/537.36"
::1 - - [22/Dec/2019:01:32:13 +0000] "GET /favicon.ico HTTP/1.1" - - "http://localhost:3000/?page=5" "Mozilla/5.0 (Macintosh; Intel Mac OS X 10_13_6) AppleWebKit/537.36 (KHTML, like Gecko) Chrome/78.0.3904.108 Safari/537.36"
::1 - - [22/Dec/2019:01:32:13 +0000] "GET /css/main.css HTTP/1.1" 304 - "http://localhost:3000/?page=6" "Mozilla/5.0 (Macintosh; Intel Mac OS X 10_13_6) AppleWebKit/537.36 (KHTML, like Gecko) Chrome/78.0.3904.108 Safari/537.36"
::1 - - [22/Dec/2019:01:32:13 +0000] "GET /css/product.css HTTP/1.1" 304 - "http://localhost:3000/?page=6" "Mozilla/5.0 (Macintosh; Intel Mac OS X 10_13_6) AppleWebKit/537.36 (KHTML, like Gecko) Chrome/78.0.3904.108 Safari/537.36"
::1 - - [22/Dec/2019:01:32:13 +0000] "GET /js/main.js HTTP/1.1" 304 - "http://localhost:3000/?page=6" "Mozilla/5.0 (Macintosh; Intel Mac OS X 10_13_6) AppleWebKit/537.36 (KHTML, like Gecko) Chrome/78.0.3904.108 Safari/537.36"
::1 - - [22/Dec/2019:01:32:13 +0000] "GET /images/2019-12-03T04:28:34.958Z-bio-sidebar.jpg HTTP/1.1" 200 20674 "http://localhost:3000/?page=6" "Mozilla/5.0 (Macintosh; Intel Mac OS X 10_13_6) AppleWebKit/537.36 (KHTML, like Gecko) Chrome/78.0.3904.108 Safari/537.36"
::1 - - [22/Dec/2019:01:32:15 +0000] "GET /?page=1 HTTP/1.1" 200 - "http://localhost:3000/?page=6" "Mozilla/5.0 (Macintosh; Intel Mac OS X 10_13_6) AppleWebKit/537.36 (KHTML, like Gecko) Chrome/78.0.3904.108 Safari/537.36"
::1 - - [22/Dec/2019:01:32:15 +0000] "GET /favicon.ico HTTP/1.1" - - "http://localhost:3000/?page=6" "Mozilla/5.0 (Macintosh; Intel Mac OS X 10_13_6) AppleWebKit/537.36 (KHTML, like Gecko) Chrome/78.0.3904.108 Safari/537.36"
::1 - - [22/Dec/2019:01:32:15 +0000] "GET /css/main.css HTTP/1.1" 304 - "http://localhost:3000/?page=1" "Mozilla/5.0 (Macintosh; Intel Mac OS X 10_13_6) AppleWebKit/537.36 (KHTML, like Gecko) Chrome/78.0.3904.108 Safari/537.36"
::1 - - [22/Dec/2019:01:32:15 +0000] "GET /css/product.css HTTP/1.1" 304 - "http://localhost:3000/?page=1" "Mozilla/5.0 (Macintosh; Intel Mac OS X 10_13_6) AppleWebKit/537.36 (KHTML, like Gecko) Chrome/78.0.3904.108 Safari/537.36"
::1 - - [22/Dec/2019:01:32:15 +0000] "GET /js/main.js HTTP/1.1" 304 - "http://localhost:3000/?page=1" "Mozilla/5.0 (Macintosh; Intel Mac OS X 10_13_6) AppleWebKit/537.36 (KHTML, like Gecko) Chrome/78.0.3904.108 Safari/537.36"
::1 - - [22/Dec/2019:01:32:15 +0000] "GET /http://prodimage.images-bn.com/pimages/0889698364683_p0_v1_s1200x630.jpg HTTP/1.1" 404 - "http://localhost:3000/?page=1" "Mozilla/5.0 (Macintosh; Intel Mac OS X 10_13_6) AppleWebKit/537.36 (KHTML, like Gecko) Chrome/78.0.3904.108 Safari/537.36"
::1 - - [22/Dec/2019:01:32:15 +0000] "GET /insty.com HTTP/1.1" 404 - "http://localhost:3000/?page=1" "Mozilla/5.0 (Macintosh; Intel Mac OS X 10_13_6) AppleWebKit/537.36 (KHTML, like Gecko) Chrome/78.0.3904.108 Safari/537.36"
::1 - - [22/Dec/2019:01:32:58 +0000] "GET /?page=6 HTTP/1.1" 304 - "http://localhost:3000/?page=1" "Mozilla/5.0 (Macintosh; Intel Mac OS X 10_13_6) AppleWebKit/537.36 (KHTML, like Gecko) Chrome/78.0.3904.108 Safari/537.36"
::1 - - [22/Dec/2019:01:32:58 +0000] "GET /favicon.ico HTTP/1.1" - - "http://localhost:3000/?page=1" "Mozilla/5.0 (Macintosh; Intel Mac OS X 10_13_6) AppleWebKit/537.36 (KHTML, like Gecko) Chrome/78.0.3904.108 Safari/537.36"
::1 - - [22/Dec/2019:01:32:58 +0000] "GET /css/main.css HTTP/1.1" 304 - "http://localhost:3000/?page=6" "Mozilla/5.0 (Macintosh; Intel Mac OS X 10_13_6) AppleWebKit/537.36 (KHTML, like Gecko) Chrome/78.0.3904.108 Safari/537.36"
::1 - - [22/Dec/2019:01:32:58 +0000] "GET /css/product.css HTTP/1.1" 304 - "http://localhost:3000/?page=6" "Mozilla/5.0 (Macintosh; Intel Mac OS X 10_13_6) AppleWebKit/537.36 (KHTML, like Gecko) Chrome/78.0.3904.108 Safari/537.36"
::1 - - [22/Dec/2019:01:32:58 +0000] "GET /js/main.js HTTP/1.1" 304 - "http://localhost:3000/?page=6" "Mozilla/5.0 (Macintosh; Intel Mac OS X 10_13_6) AppleWebKit/537.36 (KHTML, like Gecko) Chrome/78.0.3904.108 Safari/537.36"
::1 - - [22/Dec/2019:01:32:58 +0000] "GET /images/2019-12-03T04:28:34.958Z-bio-sidebar.jpg HTTP/1.1" 304 - "http://localhost:3000/?page=6" "Mozilla/5.0 (Macintosh; Intel Mac OS X 10_13_6) AppleWebKit/537.36 (KHTML, like Gecko) Chrome/78.0.3904.108 Safari/537.36"
::1 - - [22/Dec/2019:01:33:00 +0000] "GET /?page=5 HTTP/1.1" 304 - "http://localhost:3000/?page=6" "Mozilla/5.0 (Macintosh; Intel Mac OS X 10_13_6) AppleWebKit/537.36 (KHTML, like Gecko) Chrome/78.0.3904.108 Safari/537.36"
::1 - - [22/Dec/2019:01:33:00 +0000] "GET /favicon.ico HTTP/1.1" - - "http://localhost:3000/?page=6" "Mozilla/5.0 (Macintosh; Intel Mac OS X 10_13_6) AppleWebKit/537.36 (KHTML, like Gecko) Chrome/78.0.3904.108 Safari/537.36"
::1 - - [22/Dec/2019:01:33:00 +0000] "GET /css/main.css HTTP/1.1" 304 - "http://localhost:3000/?page=5" "Mozilla/5.0 (Macintosh; Intel Mac OS X 10_13_6) AppleWebKit/537.36 (KHTML, like Gecko) Chrome/78.0.3904.108 Safari/537.36"
::1 - - [22/Dec/2019:01:33:00 +0000] "GET /css/product.css HTTP/1.1" 304 - "http://localhost:3000/?page=5" "Mozilla/5.0 (Macintosh; Intel Mac OS X 10_13_6) AppleWebKit/537.36 (KHTML, like Gecko) Chrome/78.0.3904.108 Safari/537.36"
::1 - - [22/Dec/2019:01:33:00 +0000] "GET /images/2019-12-02T08:33:45.182Z-20170929-The18-Image-Neymar-And-Cavani-Hug-PSG-vs-Bordeaux-2.jpg HTTP/1.1" 304 - "http://localhost:3000/?page=5" "Mozilla/5.0 (Macintosh; Intel Mac OS X 10_13_6) AppleWebKit/537.36 (KHTML, like Gecko) Chrome/78.0.3904.108 Safari/537.36"
::1 - - [22/Dec/2019:01:33:00 +0000] "GET /images/2019-12-03T00:33:50.318Z-bowldeacai.jpg HTTP/1.1" 304 - "http://localhost:3000/?page=5" "Mozilla/5.0 (Macintosh; Intel Mac OS X 10_13_6) AppleWebKit/537.36 (KHTML, like Gecko) Chrome/78.0.3904.108 Safari/537.36"
::1 - - [22/Dec/2019:01:33:00 +0000] "GET /js/main.js HTTP/1.1" 304 - "http://localhost:3000/?page=5" "Mozilla/5.0 (Macintosh; Intel Mac OS X 10_13_6) AppleWebKit/537.36 (KHTML, like Gecko) Chrome/78.0.3904.108 Safari/537.36"
::1 - - [22/Dec/2019:01:33:03 +0000] "GET /?page=4 HTTP/1.1" 304 - "http://localhost:3000/?page=5" "Mozilla/5.0 (Macintosh; Intel Mac OS X 10_13_6) AppleWebKit/537.36 (KHTML, like Gecko) Chrome/78.0.3904.108 Safari/537.36"
::1 - - [22/Dec/2019:01:33:03 +0000] "GET /favicon.ico HTTP/1.1" - - "http://localhost:3000/?page=5" "Mozilla/5.0 (Macintosh; Intel Mac OS X 10_13_6) AppleWebKit/537.36 (KHTML, like Gecko) Chrome/78.0.3904.108 Safari/537.36"
::1 - - [22/Dec/2019:01:33:03 +0000] "GET /css/main.css HTTP/1.1" 304 - "http://localhost:3000/?page=4" "Mozilla/5.0 (Macintosh; Intel Mac OS X 10_13_6) AppleWebKit/537.36 (KHTML, like Gecko) Chrome/78.0.3904.108 Safari/537.36"
::1 - - [22/Dec/2019:01:33:03 +0000] "GET /css/product.css HTTP/1.1" 304 - "http://localhost:3000/?page=4" "Mozilla/5.0 (Macintosh; Intel Mac OS X 10_13_6) AppleWebKit/537.36 (KHTML, like Gecko) Chrome/78.0.3904.108 Safari/537.36"
::1 - - [22/Dec/2019:01:33:03 +0000] "GET /images/2019-12-02T08:01:51.661Z-kesem-banner.jpg HTTP/1.1" 304 - "http://localhost:3000/?page=4" "Mozilla/5.0 (Macintosh; Intel Mac OS X 10_13_6) AppleWebKit/537.36 (KHTML, like Gecko) Chrome/78.0.3904.108 Safari/537.36"
::1 - - [22/Dec/2019:01:33:03 +0000] "GET /js/main.js HTTP/1.1" 304 - "http://localhost:3000/?page=4" "Mozilla/5.0 (Macintosh; Intel Mac OS X 10_13_6) AppleWebKit/537.36 (KHTML, like Gecko) Chrome/78.0.3904.108 Safari/537.36"
::1 - - [22/Dec/2019:01:33:03 +0000] "GET /test.com HTTP/1.1" 404 - "http://localhost:3000/?page=4" "Mozilla/5.0 (Macintosh; Intel Mac OS X 10_13_6) AppleWebKit/537.36 (KHTML, like Gecko) Chrome/78.0.3904.108 Safari/537.36"
::1 - - [22/Dec/2019:01:35:06 +0000] "GET /products HTTP/1.1" 200 - "http://localhost:3000/?page=4" "Mozilla/5.0 (Macintosh; Intel Mac OS X 10_13_6) AppleWebKit/537.36 (KHTML, like Gecko) Chrome/78.0.3904.108 Safari/537.36"
::1 - - [22/Dec/2019:01:35:06 +0000] "GET /favicon.ico HTTP/1.1" - - "http://localhost:3000/?page=4" "Mozilla/5.0 (Macintosh; Intel Mac OS X 10_13_6) AppleWebKit/537.36 (KHTML, like Gecko) Chrome/78.0.3904.108 Safari/537.36"
::1 - - [22/Dec/2019:01:35:06 +0000] "GET /css/main.css HTTP/1.1" 304 - "http://localhost:3000/products" "Mozilla/5.0 (Macintosh; Intel Mac OS X 10_13_6) AppleWebKit/537.36 (KHTML, like Gecko) Chrome/78.0.3904.108 Safari/537.36"
::1 - - [22/Dec/2019:01:35:06 +0000] "GET /css/product.css HTTP/1.1" 304 - "http://localhost:3000/products" "Mozilla/5.0 (Macintosh; Intel Mac OS X 10_13_6) AppleWebKit/537.36 (KHTML, like Gecko) Chrome/78.0.3904.108 Safari/537.36"
::1 - - [22/Dec/2019:01:35:06 +0000] "GET /js/main.js HTTP/1.1" 304 - "http://localhost:3000/products" "Mozilla/5.0 (Macintosh; Intel Mac OS X 10_13_6) AppleWebKit/537.36 (KHTML, like Gecko) Chrome/78.0.3904.108 Safari/537.36"
::1 - - [22/Dec/2019:01:35:06 +0000] "GET /http://prodimage.images-bn.com/pimages/0889698364683_p0_v1_s1200x630.jpg HTTP/1.1" 404 - "http://localhost:3000/products" "Mozilla/5.0 (Macintosh; Intel Mac OS X 10_13_6) AppleWebKit/537.36 (KHTML, like Gecko) Chrome/78.0.3904.108 Safari/537.36"
::1 - - [22/Dec/2019:01:35:06 +0000] "GET /insty.com HTTP/1.1" 404 - "http://localhost:3000/products" "Mozilla/5.0 (Macintosh; Intel Mac OS X 10_13_6) AppleWebKit/537.36 (KHTML, like Gecko) Chrome/78.0.3904.108 Safari/537.36"
::1 - - [22/Dec/2019:01:35:08 +0000] "GET / HTTP/1.1" 304 - "http://localhost:3000/products" "Mozilla/5.0 (Macintosh; Intel Mac OS X 10_13_6) AppleWebKit/537.36 (KHTML, like Gecko) Chrome/78.0.3904.108 Safari/537.36"
::1 - - [22/Dec/2019:01:35:08 +0000] "GET /favicon.ico HTTP/1.1" - - "http://localhost:3000/products" "Mozilla/5.0 (Macintosh; Intel Mac OS X 10_13_6) AppleWebKit/537.36 (KHTML, like Gecko) Chrome/78.0.3904.108 Safari/537.36"
::1 - - [22/Dec/2019:01:35:08 +0000] "GET /css/main.css HTTP/1.1" 304 - "http://localhost:3000/" "Mozilla/5.0 (Macintosh; Intel Mac OS X 10_13_6) AppleWebKit/537.36 (KHTML, like Gecko) Chrome/78.0.3904.108 Safari/537.36"
::1 - - [22/Dec/2019:01:35:08 +0000] "GET /css/product.css HTTP/1.1" 304 - "http://localhost:3000/" "Mozilla/5.0 (Macintosh; Intel Mac OS X 10_13_6) AppleWebKit/537.36 (KHTML, like Gecko) Chrome/78.0.3904.108 Safari/537.36"
::1 - - [22/Dec/2019:01:35:08 +0000] "GET /js/main.js HTTP/1.1" 304 - "http://localhost:3000/" "Mozilla/5.0 (Macintosh; Intel Mac OS X 10_13_6) AppleWebKit/537.36 (KHTML, like Gecko) Chrome/78.0.3904.108 Safari/537.36"
::1 - - [22/Dec/2019:01:35:08 +0000] "GET /http://prodimage.images-bn.com/pimages/0889698364683_p0_v1_s1200x630.jpg HTTP/1.1" 404 - "http://localhost:3000/" "Mozilla/5.0 (Macintosh; Intel Mac OS X 10_13_6) AppleWebKit/537.36 (KHTML, like Gecko) Chrome/78.0.3904.108 Safari/537.36"
::1 - - [22/Dec/2019:01:35:08 +0000] "GET /insty.com HTTP/1.1" 404 - "http://localhost:3000/" "Mozilla/5.0 (Macintosh; Intel Mac OS X 10_13_6) AppleWebKit/537.36 (KHTML, like Gecko) Chrome/78.0.3904.108 Safari/537.36"
